<?xml version="1.0" encoding="UTF-8"?>
<!-- Generated by org.testng.reporters.JUnitReportReporter -->
<testsuite hostname="DESKTOP-90DQV3J" failures="0" tests="1" name="tests.PlaceOrderFlow" time="19.689" errors="0" timestamp="2023-07-28T16:24:19 IST" skipped="0">
  <testcase classname="tests.PlaceOrderFlow" name="OrderFlowEndToEnd" time="19.689"/>
  <system-out/>
</testsuite> <!-- tests.PlaceOrderFlow -->
